# JRE version: Java(TM) SE Runtime Environment (8.0_211-b12) (build 1.8.0_211-b12)
# Java VM: Java HotSpot(TM) 64-Bit Server VM (25.211-b12 mixed mode windows-amd64 compressed oops)
Heap:
 PSYoungGen      total 147968K, used 85396K [0x00000000f5580000, 0x0000000100000000, 0x0000000100000000)
  eden space 121344K, 62% used [0x00000000f5580000,0x00000000f9ffdd30,0x00000000fcc00000)
  from space 26624K, 34% used [0x00000000fcc00000,0x00000000fd4e7500,0x00000000fe600000)
  to   space 25600K, 0% used [0x00000000fe700000,0x00000000fe700000,0x0000000100000000)
 ParOldGen       total 349696K, used 235509K [0x00000000e0000000, 0x00000000f5580000, 0x00000000f5580000)
  object space 349696K, 67% used [0x00000000e0000000,0x00000000ee5fd7b0,0x00000000f5580000)
 Metaspace       used 177193K, capacity 189393K, committed 189632K, reserved 1214464K
  class space    used 22479K, capacity 24524K, committed 24552K, reserved 1048576K
GC Heap History (10 events):
Event: 765.213 GC heap before
{Heap before GC invocations=118 (full 7):
 PSYoungGen      total 135680K, used 135649K [0x00000000f5580000, 0x0000000100000000, 0x0000000100000000)
  eden space 121344K, 100% used [0x00000000f5580000,0x00000000fcc00000,0x00000000fcc00000)
  from space 14336K, 99% used [0x00000000ff200000,0x00000000ffff86d8,0x0000000100000000)
  to   space 26624K, 0% used [0x00000000fcc00000,0x00000000fcc00000,0x00000000fe600000)
 ParOldGen       total 349696K, used 220685K [0x00000000e0000000, 0x00000000f5580000, 0x00000000f5580000)
  object space 349696K, 63% used [0x00000000e0000000,0x00000000ed783478,0x00000000f5580000)
 Metaspace       used 170531K, capacity 182411K, committed 182720K, reserved 1208320K
  class space    used 21714K, capacity 23680K, committed 23784K, reserved 1048576K
Event: 765.221 GC heap after
Heap after GC invocations=118 (full 7):
 PSYoungGen      total 147968K, used 10709K [0x00000000f5580000, 0x0000000100000000, 0x0000000100000000)
  eden space 121344K, 0% used [0x00000000f5580000,0x00000000f5580000,0x00000000fcc00000)
  from space 26624K, 40% used [0x00000000fcc00000,0x00000000fd675730,0x00000000fe600000)
  to   space 26112K, 0% used [0x00000000fe680000,0x00000000fe680000,0x0000000100000000)
 ParOldGen       total 349696K, used 231141K [0x00000000e0000000, 0x00000000f5580000, 0x00000000f5580000)
  object space 349696K, 66% used [0x00000000e0000000,0x00000000ee1b9798,0x00000000f5580000)
 Metaspace       used 170531K, capacity 182411K, committed 182720K, reserved 1208320K
  class space    used 21714K, capacity 23680K, committed 23784K, reserved 1048576K
}
Event: 771.179 GC heap before
{Heap before GC invocations=119 (full 7):
 PSYoungGen      total 147968K, used 132053K [0x00000000f5580000, 0x0000000100000000, 0x0000000100000000)
  eden space 121344K, 100% used [0x00000000f5580000,0x00000000fcc00000,0x00000000fcc00000)
  from space 26624K, 40% used [0x00000000fcc00000,0x00000000fd675730,0x00000000fe600000)
  to   space 26112K, 0% used [0x00000000fe680000,0x00000000fe680000,0x0000000100000000)
 ParOldGen       total 349696K, used 231141K [0x00000000e0000000, 0x00000000f5580000, 0x00000000f5580000)
  object space 349696K, 66% used [0x00000000e0000000,0x00000000ee1b9798,0x00000000f5580000)
 Metaspace       used 170877K, capacity 182839K, committed 182976K, reserved 1208320K
  class space    used 21732K, capacity 23726K, committed 23784K, reserved 1048576K
Event: 771.183 GC heap after
Heap after GC invocations=119 (full 7):
 PSYoungGen      total 145408K, used 3586K [0x00000000f5580000, 0x00000000ffd80000, 0x0000000100000000)
  eden space 121856K, 0% used [0x00000000f5580000,0x00000000f5580000,0x00000000fcc80000)
  from space 23552K, 15% used [0x00000000fe680000,0x00000000fea008f8,0x00000000ffd80000)
  to   space 25088K, 0% used [0x00000000fcc80000,0x00000000fcc80000,0x00000000fe500000)
 ParOldGen       total 349696K, used 232249K [0x00000000e0000000, 0x00000000f5580000, 0x00000000f5580000)
  object space 349696K, 66% used [0x00000000e0000000,0x00000000ee2ce7a8,0x00000000f5580000)
 Metaspace       used 170877K, capacity 182839K, committed 182976K, reserved 1208320K
  class space    used 21732K, capacity 23726K, committed 23784K, reserved 1048576K
}
Event: 786.521 GC heap before
{Heap before GC invocations=120 (full 7):
 PSYoungGen      total 145408K, used 125442K [0x00000000f5580000, 0x00000000ffd80000, 0x0000000100000000)
  eden space 121856K, 100% used [0x00000000f5580000,0x00000000fcc80000,0x00000000fcc80000)
  from space 23552K, 15% used [0x00000000fe680000,0x00000000fea008f8,0x00000000ffd80000)
  to   space 25088K, 0% used [0x00000000fcc80000,0x00000000fcc80000,0x00000000fe500000)
 ParOldGen       total 349696K, used 232249K [0x00000000e0000000, 0x00000000f5580000, 0x00000000f5580000)
  object space 349696K, 66% used [0x00000000e0000000,0x00000000ee2ce7a8,0x00000000f5580000)
 Metaspace       used 170966K, capacity 182839K, committed 182976K, reserved 1208320K
  class space    used 21732K, capacity 23726K, committed 23784K, reserved 1048576K
Event: 786.526 GC heap after
Heap after GC invocations=120 (full 7):
 PSYoungGen      total 146944K, used 3122K [0x00000000f5580000, 0x00000000fff80000, 0x0000000100000000)
  eden space 121856K, 0% used [0x00000000f5580000,0x00000000f5580000,0x00000000fcc80000)
  from space 25088K, 12% used [0x00000000fcc80000,0x00000000fcf8cb50,0x00000000fe500000)
  to   space 24064K, 0% used [0x00000000fe800000,0x00000000fe800000,0x00000000fff80000)
 ParOldGen       total 349696K, used 232683K [0x00000000e0000000, 0x00000000f5580000, 0x00000000f5580000)
  object space 349696K, 66% used [0x00000000e0000000,0x00000000ee33afb0,0x00000000f5580000)
 Metaspace       used 170966K, capacity 182839K, committed 182976K, reserved 1208320K
  class space    used 21732K, capacity 23726K, committed 23784K, reserved 1048576K
}
Event: 786.877 GC heap before
{Heap before GC invocations=121 (full 7):
 PSYoungGen      total 146944K, used 124978K [0x00000000f5580000, 0x00000000fff80000, 0x0000000100000000)
  eden space 121856K, 100% used [0x00000000f5580000,0x00000000fcc80000,0x00000000fcc80000)
  from space 25088K, 12% used [0x00000000fcc80000,0x00000000fcf8cb50,0x00000000fe500000)
  to   space 24064K, 0% used [0x00000000fe800000,0x00000000fe800000,0x00000000fff80000)
 ParOldGen       total 349696K, used 232683K [0x00000000e0000000, 0x00000000f5580000, 0x00000000f5580000)
  object space 349696K, 66% used [0x00000000e0000000,0x00000000ee33afb0,0x00000000f5580000)
 Metaspace       used 172800K, capacity 184789K, committed 185024K, reserved 1210368K
  class space    used 21979K, capacity 24002K, committed 24040K, reserved 1048576K
Event: 786.884 GC heap after
Heap after GC invocations=121 (full 7):
 PSYoungGen      total 145408K, used 18878K [0x00000000f5580000, 0x0000000100000000, 0x0000000100000000)
  eden space 121344K, 0% used [0x00000000f5580000,0x00000000f5580000,0x00000000fcc00000)
  from space 24064K, 78% used [0x00000000fe800000,0x00000000ffa6f9b0,0x00000000fff80000)
  to   space 26624K, 0% used [0x00000000fcc00000,0x00000000fcc00000,0x00000000fe600000)
 ParOldGen       total 349696K, used 233717K [0x00000000e0000000, 0x00000000f5580000, 0x00000000f5580000)
  object space 349696K, 66% used [0x00000000e0000000,0x00000000ee43d790,0x00000000f5580000)
 Metaspace       used 172800K, capacity 184789K, committed 185024K, reserved 1210368K
  class space    used 21979K, capacity 24002K, committed 24040K, reserved 1048576K
}
Event: 787.429 GC heap before
{Heap before GC invocations=122 (full 7):
 PSYoungGen      total 145408K, used 140222K [0x00000000f5580000, 0x0000000100000000, 0x0000000100000000)
  eden space 121344K, 100% used [0x00000000f5580000,0x00000000fcc00000,0x00000000fcc00000)
  from space 24064K, 78% used [0x00000000fe800000,0x00000000ffa6f9b0,0x00000000fff80000)
  to   space 26624K, 0% used [0x00000000fcc00000,0x00000000fcc00000,0x00000000fe600000)
 ParOldGen       total 349696K, used 233717K [0x00000000e0000000, 0x00000000f5580000, 0x00000000f5580000)
  object space 349696K, 66% used [0x00000000e0000000,0x00000000ee43d790,0x00000000f5580000)
 Metaspace       used 176387K, capacity 188587K, committed 188864K, reserved 1214464K
  class space    used 22397K, capacity 24437K, committed 24552K, reserved 1048576K
Event: 787.434 GC heap after
Heap after GC invocations=122 (full 7):
 PSYoungGen      total 147968K, used 9117K [0x00000000f5580000, 0x0000000100000000, 0x0000000100000000)
  eden space 121344K, 0% used [0x00000000f5580000,0x00000000f5580000,0x00000000fcc00000)
  from space 26624K, 34% used [0x00000000fcc00000,0x00000000fd4e7500,0x00000000fe600000)
  to   space 25600K, 0% used [0x00000000fe700000,0x00000000fe700000,0x0000000100000000)
 ParOldGen       total 349696K, used 235509K [0x00000000e0000000, 0x00000000f5580000, 0x00000000f5580000)
  object space 349696K, 67% used [0x00000000e0000000,0x00000000ee5fd7b0,0x00000000f5580000)
 Metaspace       used 176387K, capacity 188587K, committed 188864K, reserved 1214464K
  class space    used 22397K, capacity 24437K, committed 24552K, reserved 1048576K
}

